This is pdfTeX, Version 3.1415926-2.5-1.40.14 (TeX Live 2013) (format=latex 2017.4.21)  19 OCT 2017 16:28
entering extended mode
 restricted \write18 enabled.
 %&-line parsing enabled.
**dirtree.ins
(./dirtree.ins
LaTeX2e <2011/06/27>
Babel <v3.8m> and hyphenation patterns for english, dumylang, nohyphenation, lo
aded.
(/usr/share/texlive/texmf-dist/tex/latex/base/docstrip.tex
\blockLevel=\count79
\emptyLines=\count80
\processedLines=\count81
\commentsRemoved=\count82
\commentsPassed=\count83
\codeLinesPassed=\count84
\TotalprocessedLines=\count85
\TotalcommentsRemoved=\count86
\TotalcommentsPassed=\count87
\TotalcodeLinesPassed=\count88
\NumberOfFiles=\count89
\inFile=\read1
\inputcheck=\read2
\off@0=\count90
\off@1=\count91
\off@2=\count92
\off@3=\count93
\off@4=\count94
\off@5=\count95
\off@6=\count96
\off@7=\count97
\off@8=\count98
\off@9=\count99
\off@10=\count100
\off@11=\count101
\off@12=\count102
\off@13=\count103
\off@14=\count104
\off@15=\count105
\@maxfiles=\count106
\@maxoutfiles=\count107

Utility: `docstrip' 2.5d <2005/07/29>
English documentation    <1999/03/31>

**********************************************************
* This program converts documented macro-files into fast *
* loadable files by stripping off (nearly) all comments! *
**********************************************************

********************************************************
* No Configuration file found, using default settings. *
********************************************************

(./dirtree.ins
*** Generating the `dirtree' package ***

Generating file(s) ./dirtree.tex 
\openout0 = `./dirtree.tex'.


Processing file dirtree.dtx (tex) -> dirtree.tex
Lines  processed: 825
Comments removed: 609
Comments  passed: 23
Codelines passed: 185


Generating file(s) ./dirtree.sty 
\openout0 = `./dirtree.sty'.


Processing file dirtree.dtx (latex-wrapper) -> dirtree.sty
Lines  processed: 825
Comments removed: 609
Comments  passed: 23
Codelines passed: 185

***********************************************************
*
* To finish the installation you have to move the files
* dirtree.sty and dirtree.tex in a directory/folder searched by TeX.
*
* To produce the documentation, run the file `dirtree.dtx'
* through LaTeX.
*
* If you require the commented code, desactivating the
* OnlyDescription macro, you must recompile, execute:
* `makeindex -s gind.ist dirtree'
* `makeindex -s gglo.ist -o dirtree.gls dirtree.glo'
* and recompile.
*
***********************************************************
)
Overall statistics:
Files  processed: 2
Lines  processed: 1650
Comments removed: 1218
Comments  passed: 46
Codelines passed: 370
 ) ) 
Here is how much of TeX's memory you used:
 323 strings out of 495064
 3271 string characters out of 3182224
 51067 words of memory out of 3000000
 3598 multiletter control sequences out of 15000+200000
 3640 words of font info for 14 fonts, out of 3000000 for 9000
 14 hyphenation exceptions out of 8191
 17i,0n,15p,202b,121s stack positions out of 5000i,500n,10000p,200000b,50000s

No pages of output.
