This is pdfTeX, Version 3.1415926-2.5-1.40.14 (TeX Live 2013) (format=pdflatex 2017.4.21)  20 OCT 2017 14:36
entering extended mode
 restricted \write18 enabled.
 %&-line parsing enabled.
**constants
(./constants.tex
LaTeX2e <2011/06/27>
Babel <v3.8m> and hyphenation patterns for english, dumylang, nohyphenation, lo
aded.
)
Runaway argument?
{\vspace {0.5cm}{\colorbox {black}{\parbox {0.9\textwidth }{\textcolor \ETC.
! File ended while scanning use of \@argdef.
<inserted text> 
                \par 
<*> constants
             
I suspect you have forgotten a `}', causing me
to read past where you wanted me to stop.
I'll try to recover; but if the error is serious,
you'd better type `E' or `X' now and fix your file.

! Emergency stop.
<*> constants
             
*** (job aborted, no legal \end found)

 
Here is how much of TeX's memory you used:
 11 strings out of 495063
 200 string characters out of 3182201
 45057 words of memory out of 3000000
 3294 multiletter control sequences out of 15000+200000
 3640 words of font info for 14 fonts, out of 3000000 for 9000
 14 hyphenation exceptions out of 8191
 7i,0n,6p,147b,8s stack positions out of 5000i,500n,10000p,200000b,50000s
!  ==> Fatal error occurred, no output PDF file produced!
